<?xml version="1.0" encoding="UTF-8"?>
<!-- Generated by org.testng.reporters.JUnitReportReporter -->
<testsuite skipped="0" hostname="SagarSriram" name="com.sgtesting.actitime.driverscript.DriverScripts" tests="1" failures="0" timestamp="2021-06-14T18:02:44 IST" time="1.261" errors="0">
  <testcase name="executeScenarios" time="1.261" classname="com.sgtesting.actitime.driverscript.DriverScripts"/>
  <system-out/>
</testsuite> <!-- com.sgtesting.actitime.driverscript.DriverScripts -->
