<?xml version="1.0" encoding="UTF-8"?>
<!-- Generated by org.testng.reporters.JUnitReportReporter -->
<testsuite skipped="0" hostname="SagarSriram" name="com.sgtesting.actitime.driverscript.DriverScripts" tests="1" failures="0" timestamp="2021-06-13T02:31:43 IST" time="59.829" errors="0">
  <testcase name="executeScenarios" time="59.829" classname="com.sgtesting.actitime.driverscript.DriverScripts"/>
  <system-out/>
</testsuite> <!-- com.sgtesting.actitime.driverscript.DriverScripts -->
