<?xml version="1.0" encoding="UTF-8"?>
<!-- Generated by org.testng.reporters.JUnitReportReporter -->
<testsuite skipped="0" hostname="SagarSriram" name="com.sgtesting.actitime.driverscript.DriverScript" tests="1" failures="0" timestamp="2021-06-14T23:41:18 IST" time="119.209" errors="0">
  <testcase name="executeTestScenarios" time="119.209" classname="com.sgtesting.actitime.driverscript.DriverScript"/>
  <system-out/>
</testsuite> <!-- com.sgtesting.actitime.driverscript.DriverScript -->
